<?xml version="1.0" encoding="UTF-8"?>
<!-- Generated by org.testng.reporters.JUnitXMLReporter -->
<testsuite ignored="0" hostname="LAPTOP-7M67GRV6" failures="0" tests="6" name="Surefire test" time="15.747" errors="0" timestamp="2026-06-07T19:54:53 IST">
  <testcase classname="tests.SmokeTests" name="testGitHubUrlInputAccessible" time="1.31"/>
  <testcase classname="tests.SmokeTests" name="testHeroElementsVisible" time="0.988"/>
  <testcase classname="tests.SmokeTests" name="testHomePageDisplay" time="0.993"/>
  <testcase classname="tests.SmokeTests" name="testHomePageLoad" time="0.476"/>
  <testcase classname="tests.SmokeTests" name="testInputFieldAcceptsGitHubURL" time="1.444"/>
  <testcase classname="tests.SmokeTests" name="testPageElementsLoad" time="0.933"/>
</testsuite> <!-- Surefire test -->
