<?xml version="1.0" encoding="UTF-8"?>
<testng-results ignored="0" total="6" passed="6" failed="0" skipped="0">
  <reporter-output>
  </reporter-output>
  <suite started-at="2026-06-07T19:54:38 IST" name="Surefire suite" finished-at="2026-06-07T19:54:53 IST" duration-ms="15747">
    <groups>
    </groups>
    <test started-at="2026-06-07T19:54:38 IST" name="Surefire test" finished-at="2026-06-07T19:54:53 IST" duration-ms="15747">
      <class name="tests.SmokeTests">
        <test-method is-config="true" signature="setUp()[pri:0, instance:tests.SmokeTests@f381794]" started-at="2026-06-07T19:54:38 IST" name="setUp" finished-at="2026-06-07T19:54:41 IST" duration-ms="3307" status="PASS">
          <reporter-output>
          </reporter-output>
        </test-method> <!-- setUp -->
        <test-method signature="testGitHubUrlInputAccessible()[pri:0, instance:tests.SmokeTests@f381794]" started-at="2026-06-07T19:54:41 IST" name="testGitHubUrlInputAccessible" description="Verify GitHub URL input field is accessible" finished-at="2026-06-07T19:54:42 IST" duration-ms="1310" status="PASS">
          <reporter-output>
          </reporter-output>
        </test-method> <!-- testGitHubUrlInputAccessible -->
        <test-method is-config="true" signature="tearDown()[pri:0, instance:tests.SmokeTests@f381794]" started-at="2026-06-07T19:54:42 IST" name="tearDown" finished-at="2026-06-07T19:54:43 IST" duration-ms="273" status="PASS">
          <reporter-output>
          </reporter-output>
        </test-method> <!-- tearDown -->
        <test-method is-config="true" signature="setUp()[pri:0, instance:tests.SmokeTests@f381794]" started-at="2026-06-07T19:54:43 IST" name="setUp" finished-at="2026-06-07T19:54:44 IST" duration-ms="949" status="PASS">
          <reporter-output>
          </reporter-output>
        </test-method> <!-- setUp -->
        <test-method signature="testHeroElementsVisible()[pri:0, instance:tests.SmokeTests@f381794]" started-at="2026-06-07T19:54:44 IST" name="testHeroElementsVisible" description="Verify CodeAtlas title and subtitle are visible" finished-at="2026-06-07T19:54:45 IST" duration-ms="988" status="PASS">
          <reporter-output>
          </reporter-output>
        </test-method> <!-- testHeroElementsVisible -->
        <test-method is-config="true" signature="tearDown()[pri:0, instance:tests.SmokeTests@f381794]" started-at="2026-06-07T19:54:45 IST" name="tearDown" finished-at="2026-06-07T19:54:45 IST" duration-ms="263" status="PASS">
          <reporter-output>
          </reporter-output>
        </test-method> <!-- tearDown -->
        <test-method is-config="true" signature="setUp()[pri:0, instance:tests.SmokeTests@f381794]" started-at="2026-06-07T19:54:45 IST" name="setUp" finished-at="2026-06-07T19:54:46 IST" duration-ms="1006" status="PASS">
          <reporter-output>
          </reporter-output>
        </test-method> <!-- setUp -->
        <test-method signature="testHomePageDisplay()[pri:0, instance:tests.SmokeTests@f381794]" started-at="2026-06-07T19:54:46 IST" name="testHomePageDisplay" description="Verify home page displays without errors" finished-at="2026-06-07T19:54:47 IST" duration-ms="993" status="PASS">
          <reporter-output>
          </reporter-output>
        </test-method> <!-- testHomePageDisplay -->
        <test-method is-config="true" signature="tearDown()[pri:0, instance:tests.SmokeTests@f381794]" started-at="2026-06-07T19:54:47 IST" name="tearDown" finished-at="2026-06-07T19:54:47 IST" duration-ms="161" status="PASS">
          <reporter-output>
          </reporter-output>
        </test-method> <!-- tearDown -->
        <test-method is-config="true" signature="setUp()[pri:0, instance:tests.SmokeTests@f381794]" started-at="2026-06-07T19:54:47 IST" name="setUp" finished-at="2026-06-07T19:54:48 IST" duration-ms="891" status="PASS">
          <reporter-output>
          </reporter-output>
        </test-method> <!-- setUp -->
        <test-method signature="testHomePageLoad()[pri:0, instance:tests.SmokeTests@f381794]" started-at="2026-06-07T19:54:48 IST" name="testHomePageLoad" description="Verify CodeAtlas Home Page loads successfully" finished-at="2026-06-07T19:54:48 IST" duration-ms="476" status="PASS">
          <reporter-output>
          </reporter-output>
        </test-method> <!-- testHomePageLoad -->
        <test-method is-config="true" signature="tearDown()[pri:0, instance:tests.SmokeTests@f381794]" started-at="2026-06-07T19:54:48 IST" name="tearDown" finished-at="2026-06-07T19:54:49 IST" duration-ms="222" status="PASS">
          <reporter-output>
          </reporter-output>
        </test-method> <!-- tearDown -->
        <test-method is-config="true" signature="setUp()[pri:0, instance:tests.SmokeTests@f381794]" started-at="2026-06-07T19:54:49 IST" name="setUp" finished-at="2026-06-07T19:54:50 IST" duration-ms="1175" status="PASS">
          <reporter-output>
          </reporter-output>
        </test-method> <!-- setUp -->
        <test-method signature="testInputFieldAcceptsGitHubURL()[pri:0, instance:tests.SmokeTests@f381794]" started-at="2026-06-07T19:54:50 IST" name="testInputFieldAcceptsGitHubURL" description="Verify input field accepts GitHub URLs" finished-at="2026-06-07T19:54:51 IST" duration-ms="1444" status="PASS">
          <reporter-output>
          </reporter-output>
        </test-method> <!-- testInputFieldAcceptsGitHubURL -->
        <test-method is-config="true" signature="tearDown()[pri:0, instance:tests.SmokeTests@f381794]" started-at="2026-06-07T19:54:51 IST" name="tearDown" finished-at="2026-06-07T19:54:51 IST" duration-ms="206" status="PASS">
          <reporter-output>
          </reporter-output>
        </test-method> <!-- tearDown -->
        <test-method is-config="true" signature="setUp()[pri:0, instance:tests.SmokeTests@f381794]" started-at="2026-06-07T19:54:51 IST" name="setUp" finished-at="2026-06-07T19:54:52 IST" duration-ms="797" status="PASS">
          <reporter-output>
          </reporter-output>
        </test-method> <!-- setUp -->
        <test-method signature="testPageElementsLoad()[pri:0, instance:tests.SmokeTests@f381794]" started-at="2026-06-07T19:54:52 IST" name="testPageElementsLoad" description="Verify page elements load without errors" finished-at="2026-06-07T19:54:53 IST" duration-ms="933" status="PASS">
          <reporter-output>
          </reporter-output>
        </test-method> <!-- testPageElementsLoad -->
        <test-method is-config="true" signature="tearDown()[pri:0, instance:tests.SmokeTests@f381794]" started-at="2026-06-07T19:54:53 IST" name="tearDown" finished-at="2026-06-07T19:54:53 IST" duration-ms="274" status="PASS">
          <reporter-output>
          </reporter-output>
        </test-method> <!-- tearDown -->
      </class> <!-- tests.SmokeTests -->
    </test> <!-- Surefire test -->
  </suite> <!-- Surefire suite -->
</testng-results>
