<?xml version="1.0" encoding="UTF-8"?>
<!-- Generated by org.testng.reporters.JUnitReportReporter -->
<testsuite hostname="LAPTOP-7M67GRV6" failures="0" tests="6" name="tests.SmokeTests" time="15.668" errors="0" timestamp="2026-06-07T19:54:54 IST" skipped="0">
  <testcase classname="tests.SmokeTests" name="testHeroElementsVisible" time="2.385"/>
  <system-out/>
  <testcase classname="tests.SmokeTests" name="testHomePageDisplay" time="1.996"/>
  <system-out/>
  <testcase classname="tests.SmokeTests" name="testGitHubUrlInputAccessible" time="2.474"/>
  <system-out/>
  <testcase classname="tests.SmokeTests" name="testInputFieldAcceptsGitHubURL" time="2.667"/>
  <system-out/>
  <testcase classname="tests.SmokeTests" name="testPageElementsLoad" time="2.202"/>
  <system-out/>
  <testcase classname="tests.SmokeTests" name="testHomePageLoad" time="3.944"/>
  <system-out/>
</testsuite> <!-- tests.SmokeTests -->
